<?xml version="1.0" encoding="UTF-8" ?>
<testsuite tests="5" failures="3" name="finalprojectB.UrlValidatorTest" time="0.854" errors="0" skipped="0">
  <properties>
[...]
</properties>
  <testcase classname="finalprojectB.UrlValidatorTest" name="testManualTest" time="0.028">
    <failure type="junit.framework.AssertionFailedError">junit.framework.AssertionFailedError
	at junit.framework.Assert.fail(Assert.java:55)
	at junit.framework.Assert.assertTrue(Assert.java:22)
	at junit.framework.Assert.assertFalse(Assert.java:39)
	at junit.framework.Assert.assertFalse(Assert.java:47)
	at junit.framework.TestCase.assertFalse(TestCase.java:219)
	at finalprojectB.UrlValidatorTest.testManualTest(UrlValidatorTest.java:56)
	at sun.reflect.NativeMethodAccessorImpl.invoke0(Native Method)
	at sun.reflect.NativeMethodAccessorImpl.invoke(NativeMethodAccessorImpl.java:62)
	at sun.reflect.DelegatingMethodAccessorImpl.invoke(DelegatingMethodAccessorImpl.java:43)
	at java.lang.reflect.Method.invoke(Method.java:498)
	at junit.framework.TestCase.runTest(TestCase.java:176)
	at junit.framework.TestCase.runBare(TestCase.java:141)
	at junit.framework.TestResult$1.protect(TestResult.java:122)
	at junit.framework.TestResult.runProtected(TestResult.java:142)
	at junit.framework.TestResult.run(TestResult.java:125)
	at junit.framework.TestCase.run(TestCase.java:129)
	at junit.framework.TestSuite.runTest(TestSuite.java:252)
	at junit.framework.TestSuite.run(TestSuite.java:247)
	at org.junit.internal.runners.JUnit38ClassRunner.run(JUnit38ClassRunner.java:86)
	at org.apache.maven.surefire.junit4.JUnit4TestSet.execute(JUnit4TestSet.java:53)
	at org.apache.maven.surefire.junit4.JUnit4Provider.executeTestSet(JUnit4Provider.java:123)
	at org.apache.maven.surefire.junit4.JUnit4Provider.invoke(JUnit4Provider.java:104)
	at sun.reflect.NativeMethodAccessorImpl.invoke0(Native Method)
	at sun.reflect.NativeMethodAccessorImpl.invoke(NativeMethodAccessorImpl.java:62)
	at sun.reflect.DelegatingMethodAccessorImpl.invoke(DelegatingMethodAccessorImpl.java:43)
	at java.lang.reflect.Method.invoke(Method.java:498)
	at org.apache.maven.surefire.util.ReflectionUtils.invokeMethodWithArray(ReflectionUtils.java:164)
	at org.apache.maven.surefire.booter.ProviderFactory$ProviderProxy.invoke(ProviderFactory.java:110)
	at org.apache.maven.surefire.booter.SurefireStarter.invokeProvider(SurefireStarter.java:175)
	at org.apache.maven.surefire.booter.SurefireStarter.runSuitesInProcessWhenForked(SurefireStarter.java:107)
	at org.apache.maven.surefire.booter.ForkedBooter.main(ForkedBooter.java:68)
</failure>
  </testcase>
  <testcase classname="finalprojectB.UrlValidatorTest" name="testAnyOtherUnitTest" time="0"/>
  <testcase classname="finalprojectB.UrlValidatorTest" name="testYourSecondPartition" time="0">
    <failure type="junit.framework.AssertionFailedError">junit.framework.AssertionFailedError
	at junit.framework.Assert.fail(Assert.java:55)
	at junit.framework.Assert.assertTrue(Assert.java:22)
	at junit.framework.Assert.assertTrue(Assert.java:31)
	at junit.framework.TestCase.assertTrue(TestCase.java:201)
	at finalprojectB.UrlValidatorTest.testYourSecondPartition(UrlValidatorTest.java:81)
	at sun.reflect.NativeMethodAccessorImpl.invoke0(Native Method)
	at sun.reflect.NativeMethodAccessorImpl.invoke(NativeMethodAccessorImpl.java:62)
	at sun.reflect.DelegatingMethodAccessorImpl.invoke(DelegatingMethodAccessorImpl.java:43)
	at java.lang.reflect.Method.invoke(Method.java:498)
	at junit.framework.TestCase.runTest(TestCase.java:176)
	at junit.framework.TestCase.runBare(TestCase.java:141)
	at junit.framework.TestResult$1.protect(TestResult.java:122)
	at junit.framework.TestResult.runProtected(TestResult.java:142)
	at junit.framework.TestResult.run(TestResult.java:125)
	at junit.framework.TestCase.run(TestCase.java:129)
	at junit.framework.TestSuite.runTest(TestSuite.java:252)
	at junit.framework.TestSuite.run(TestSuite.java:247)
	at org.junit.internal.runners.JUnit38ClassRunner.run(JUnit38ClassRunner.java:86)
	at org.apache.maven.surefire.junit4.JUnit4TestSet.execute(JUnit4TestSet.java:53)
	at org.apache.maven.surefire.junit4.JUnit4Provider.executeTestSet(JUnit4Provider.java:123)
	at org.apache.maven.surefire.junit4.JUnit4Provider.invoke(JUnit4Provider.java:104)
	at sun.reflect.NativeMethodAccessorImpl.invoke0(Native Method)
	at sun.reflect.NativeMethodAccessorImpl.invoke(NativeMethodAccessorImpl.java:62)
	at sun.reflect.DelegatingMethodAccessorImpl.invoke(DelegatingMethodAccessorImpl.java:43)
	at java.lang.reflect.Method.invoke(Method.java:498)
	at org.apache.maven.surefire.util.ReflectionUtils.invokeMethodWithArray(ReflectionUtils.java:164)
	at org.apache.maven.surefire.booter.ProviderFactory$ProviderProxy.invoke(ProviderFactory.java:110)
	at org.apache.maven.surefire.booter.SurefireStarter.invokeProvider(SurefireStarter.java:175)
	at org.apache.maven.surefire.booter.SurefireStarter.runSuitesInProcessWhenForked(SurefireStarter.java:107)
	at org.apache.maven.surefire.booter.ForkedBooter.main(ForkedBooter.java:68)
</failure>
  </testcase>
  <testcase classname="finalprojectB.UrlValidatorTest" name="testYourFirstPartition" time="0"/>
  <testcase classname="finalprojectB.UrlValidatorTest" name="testIsValid" time="0.793">
    <failure message="There were errors in programmatic testing." type="junit.framework.AssertionFailedError">junit.framework.AssertionFailedError: There were errors in programmatic testing.
	at junit.framework.Assert.fail(Assert.java:57)
	at junit.framework.Assert.assertTrue(Assert.java:22)
	at junit.framework.TestCase.assertTrue(TestCase.java:192)
	at finalprojectB.UrlValidatorTest.testIsValid(UrlValidatorTest.java:179)
	at sun.reflect.NativeMethodAccessorImpl.invoke0(Native Method)
	at sun.reflect.NativeMethodAccessorImpl.invoke(NativeMethodAccessorImpl.java:62)
	at sun.reflect.DelegatingMethodAccessorImpl.invoke(DelegatingMethodAccessorImpl.java:43)
	at java.lang.reflect.Method.invoke(Method.java:498)
	at junit.framework.TestCase.runTest(TestCase.java:176)
	at junit.framework.TestCase.runBare(TestCase.java:141)
	at junit.framework.TestResult$1.protect(TestResult.java:122)
	at junit.framework.TestResult.runProtected(TestResult.java:142)
	at junit.framework.TestResult.run(TestResult.java:125)
	at junit.framework.TestCase.run(TestCase.java:129)
	at junit.framework.TestSuite.runTest(TestSuite.java:252)
	at junit.framework.TestSuite.run(TestSuite.java:247)
	at org.junit.internal.runners.JUnit38ClassRunner.run(JUnit38ClassRunner.java:86)
	at org.apache.maven.surefire.junit4.JUnit4TestSet.execute(JUnit4TestSet.java:53)
	at org.apache.maven.surefire.junit4.JUnit4Provider.executeTestSet(JUnit4Provider.java:123)
	at org.apache.maven.surefire.junit4.JUnit4Provider.invoke(JUnit4Provider.java:104)
	at sun.reflect.NativeMethodAccessorImpl.invoke0(Native Method)
	at sun.reflect.NativeMethodAccessorImpl.invoke(NativeMethodAccessorImpl.java:62)
	at sun.reflect.DelegatingMethodAccessorImpl.invoke(DelegatingMethodAccessorImpl.java:43)
	at java.lang.reflect.Method.invoke(Method.java:498)
	at org.apache.maven.surefire.util.ReflectionUtils.invokeMethodWithArray(ReflectionUtils.java:164)
	at org.apache.maven.surefire.booter.ProviderFactory$ProviderProxy.invoke(ProviderFactory.java:110)
	at org.apache.maven.surefire.booter.SurefireStarter.invokeProvider(SurefireStarter.java:175)
	at org.apache.maven.surefire.booter.SurefireStarter.runSuitesInProcessWhenForked(SurefireStarter.java:107)
	at org.apache.maven.surefire.booter.ForkedBooter.main(ForkedBooter.java:68)
</failure>
    <system-out>ERROR: expected isValid() to return true for http://www.google.com:80/test1/test1?action=view
ERROR: expected isValid() to return true for http://www.google.com:80/test1/test1?action=edit&amp;mode=up
ERROR: expected isValid() to return true for http://www.google.com:80/test1/t123?action=view
ERROR: expected isValid() to return true for http://www.google.com:80/test1/t123?action=edit&amp;mode=up
ERROR: expected isValid() to return true for http://www.google.com:80/test1/$23?action=view
ERROR: expected isValid() to return true for http://www.google.com:80/test1/$23?action=edit&amp;mode=up
ERROR: expected isValid() to return true for http://www.google.com:80/test1/test1?action=view
ERROR: expected isValid() to return true for http://www.google.com:80/test1/test1?action=edit&amp;mode=up
ERROR: expected isValid() to return true for http://www.google.com:80/test1/test1/file?action=view
ERROR: expected isValid() to return true for http://www.google.com:80/test1/test1/file?action=edit&amp;mode=up
ERROR: expected isValid() to return true for http://www.google.com:80/test1/t123/file?action=view
ERROR: expected isValid() to return true for http://www.google.com:80/test1/t123/file?action=edit&amp;mode=up
ERROR: expected isValid() to return true for http://www.google.com:80/test1/$23/file?action=view
ERROR: expected isValid() to return true for http://www.google.com:80/test1/$23/file?action=edit&amp;mode=up
ERROR: expected isValid() to return true for http://www.google.com:80/t123/test1?action=view
ERROR: expected isValid() to return true for http://www.google.com:80/t123/test1?action=edit&amp;mode=up
ERROR: expected isValid() to return true for http://www.google.com:80/t123/t123?action=view
ERROR: expected isValid() to return true for http://www.google.com:80/t123/t123?action=edit&amp;mode=up
ERROR: expected isValid() to return true for http://www.google.com:80/t123/$23?action=view
ERROR: expected isValid() to return true for http://www.google.com:80/t123/$23?action=edit&amp;mode=up
ERROR: expected isValid() to return true for http://www.google.com:80/t123/test1?action=view
ERROR: expected isValid() to return true for http://www.google.com:80/t123/test1?action=edit&amp;mode=up
ERROR: expected isValid() to return true for http://www.google.com:80/t123/test1/file?action=view
ERROR: expected isValid() to return true for http://www.google.com:80/t123/test1/file?action=edit&amp;mode=up
ERROR: expected isValid() to return true for http://www.google.com:80/t123/t123/file?action=view
ERROR: expected isValid() to return true for http://www.google.com:80/t123/t123/file?action=edit&amp;mode=up
ERROR: expected isValid() to return true for http://www.google.com:80/t123/$23/file?action=view
ERROR: expected isValid() to return true for http://www.google.com:80/t123/$23/file?action=edit&amp;mode=up
ERROR: expected isValid() to return true for http://www.google.com:80/$23/test1?action=view
ERROR: expected isValid() to return true for http://www.google.com:80/$23/test1?action=edit&amp;mode=up
ERROR: expected isValid() to return true for http://www.google.com:80/$23/t123?action=view
ERROR: expected isValid() to return true for http://www.google.com:80/$23/t123?action=edit&amp;mode=up
ERROR: expected isValid() to return true for http://www.google.com:80/$23/$23?action=view
ERROR: expected isValid() to return true for http://www.google.com:80/$23/$23?action=edit&amp;mode=up
ERROR: expected isValid() to return true for http://www.google.com:80/$23/test1?action=view
ERROR: expected isValid() to return true for http://www.google.com:80/$23/test1?action=edit&amp;mode=up
ERROR: expected isValid() to return true for http://www.google.com:80/$23/test1/file?action=view
ERROR: expected isValid() to return true for http://www.google.com:80/$23/test1/file?action=edit&amp;mode=up
ERROR: expected isValid() to return true for http://www.google.com:80/$23/t123/file?action=view
ERROR: expected isValid() to return true for http://www.google.com:80/$23/t123/file?action=edit&amp;mode=up
ERROR: expected isValid() to return true for http://www.google.com:80/$23/$23/file?action=view
ERROR: expected isValid() to return true for http://www.google.com:80/$23/$23/file?action=edit&amp;mode=up
ERROR: expected isValid() to return true for http://www.google.com:80/test1/test1?action=view
ERROR: expected isValid() to return true for http://www.google.com:80/test1/test1?action=edit&amp;mode=up
ERROR: expected isValid() to return true for http://www.google.com:80/test1/t123?action=view
ERROR: expected isValid() to return true for http://www.google.com:80/test1/t123?action=edit&amp;mode=up
ERROR: expected isValid() to return true for http://www.google.com:80/test1/$23?action=view
ERROR: expected isValid() to return true for http://www.google.com:80/test1/$23?action=edit&amp;mode=up
ERROR: expected isValid() to return true for http://www.google.com:80/test1/test1?action=view
ERROR: expected isValid() to return true for http://www.google.com:80/test1/test1?action=edit&amp;mode=up
ERROR: expected isValid() to return true for http://www.google.com:80/test1/test1/file?action=view
ERROR: expected isValid() to return true for http://www.google.com:80/test1/test1/file?action=edit&amp;mode=up
ERROR: expected isValid() to return true for http://www.google.com:80/test1/t123/file?action=view
ERROR: expected isValid() to return true for http://www.google.com:80/test1/t123/file?action=edit&amp;mode=up
ERROR: expected isValid() to return true for http://www.google.com:80/test1/$23/file?action=view
ERROR: expected isValid() to return true for http://www.google.com:80/test1/$23/file?action=edit&amp;mode=up
ERROR: expected isValid() to return true for http://www.google.com:80/test1/file/test1?action=view
ERROR: expected isValid() to return true for http://www.google.com:80/test1/file/test1?action=edit&amp;mode=up
ERROR: expected isValid() to return true for http://www.google.com:80/test1/file/t123?action=view
ERROR: expected isValid() to return true for http://www.google.com:80/test1/file/t123?action=edit&amp;mode=up
ERROR: expected isValid() to return true for http://www.google.com:80/test1/file/$23?action=view
ERROR: expected isValid() to return true for http://www.google.com:80/test1/file/$23?action=edit&amp;mode=up
ERROR: expected isValid() to return true for http://www.google.com:80/test1/file/test1?action=view
ERROR: expected isValid() to return true for http://www.google.com:80/test1/file/test1?action=edit&amp;mode=up
ERROR: expected isValid() to return true for http://www.google.com:80/test1/file/test1/file?action=view
ERROR: expected isValid() to return true for http://www.google.com:80/test1/file/test1/file?action=edit&amp;mode=up
ERROR: expected isValid() to return true for http://www.google.com:80/test1/file/t123/file?action=view
ERROR: expected isValid() to return true for http://www.google.com:80/test1/file/t123/file?action=edit&amp;mode=up
ERROR: expected isValid() to return true for http://www.google.com:80/test1/file/$23/file?action=view
ERROR: expected isValid() to return true for http://www.google.com:80/test1/file/$23/file?action=edit&amp;mode=up
ERROR: expected isValid() to return true for http://www.google.com:65535/test1/test1?action=view
ERROR: expected isValid() to return true for http://www.google.com:65535/test1/test1?action=edit&amp;mode=up
ERROR: expected isValid() to return true for http://www.google.com:65535/test1/test1
ERROR: expected isValid() to return true for http://www.google.com:65535/test1/t123?action=view
ERROR: expected isValid() to return true for http://www.google.com:65535/test1/t123?action=edit&amp;mode=up
ERROR: expected isValid() to return true for http://www.google.com:65535/test1/t123
ERROR: expected isValid() to return true for http://www.google.com:65535/test1/$23?action=view
ERROR: expected isValid() to return true for http://www.google.com:65535/test1/$23?action=edit&amp;mode=up
ERROR: expected isValid() to return true for http://www.google.com:65535/test1/$23
ERROR: expected isValid() to return true for http://www.google.com:65535/test1/test1?action=view
ERROR: expected isValid() to return true for http://www.google.com:65535/test1/test1?action=edit&amp;mode=up
ERROR: expected isValid() to return true for http://www.google.com:65535/test1/test1
ERROR: expected isValid() to return true for http://www.google.com:65535/test1/test1/file?action=view
ERROR: expected isValid() to return true for http://www.google.com:65535/test1/test1/file?action=edit&amp;mode=up
ERROR: expected isValid() to return true for http://www.google.com:65535/test1/test1/file
ERROR: expected isValid() to return true for http://www.google.com:65535/test1/t123/file?action=view
ERROR: expected isValid() to return true for http://www.google.com:65535/test1/t123/file?action=edit&amp;mode=up
ERROR: expected isValid() to return true for http://www.google.com:65535/test1/t123/file
ERROR: expected isValid() to return true for http://www.google.com:65535/test1/$23/file?action=view
ERROR: expected isValid() to return true for http://www.google.com:65535/test1/$23/file?action=edit&amp;mode=up
ERROR: expected isValid() to return true for http://www.google.com:65535/test1/$23/file
ERROR: expected isValid() to return true for http://www.google.com:65535/t123/test1?action=view
ERROR: expected isValid() to return true for http://www.google.com:65535/t123/test1?action=edit&amp;mode=up
ERROR: expected isValid() to return true for http://www.google.com:65535/t123/test1
ERROR: expected isValid() to return true for http://www.google.com:65535/t123/t123?action=view
ERROR: expected isValid() to return true for http://www.google.com:65535/t123/t123?action=edit&amp;mode=up
ERROR: expected isValid() to return true for http://www.google.com:65535/t123/t123
ERROR: expected isValid() to return true for http://www.google.com:65535/t123/$23?action=view
ERROR: expected isValid() to return true for http://www.google.com:65535/t123/$23?action=edit&amp;mode=up
ERROR: expected isValid() to return true for http://www.google.com:65535/t123/$23
ERROR: expected isValid() to return true for http://www.google.com:65535/t123/test1?action=view
ERROR: expected isValid() to return true for http://www.google.com:65535/t123/test1?action=edit&amp;mode=up
ERROR: expected isValid() to return true for http://www.google.com:65535/t123/test1
ERROR: expected isValid() to return true for http://www.google.com:65535/t123/test1/file?action=view
ERROR: expected isValid() to return true for http://www.google.com:65535/t123/test1/file?action=edit&amp;mode=up
ERROR: expected isValid() to return true for http://www.google.com:65535/t123/test1/file
ERROR: expected isValid() to return true for http://www.google.com:65535/t123/t123/file?action=view
ERROR: expected isValid() to return true for http://www.google.com:65535/t123/t123/file?action=edit&amp;mode=up
ERROR: expected isValid() to return true for http://www.google.com:65535/t123/t123/file
ERROR: expected isValid() to return true for http://www.google.com:65535/t123/$23/file?action=view
ERROR: expected isValid() to return true for http://www.google.com:65535/t123/$23/file?action=edit&amp;mode=up
ERROR: expected isValid() to return true for http://www.google.com:65535/t123/$23/file
ERROR: expected isValid() to return true for http://www.google.com:65535/$23/test1?action=view
ERROR: expected isValid() to return true for http://www.google.com:65535/$23/test1?action=edit&amp;mode=up
ERROR: expected isValid() to return true for http://www.google.com:65535/$23/test1
ERROR: expected isValid() to return true for http://www.google.com:65535/$23/t123?action=view
ERROR: expected isValid() to return true for http://www.google.com:65535/$23/t123?action=edit&amp;mode=up
ERROR: expected isValid() to return true for http://www.google.com:65535/$23/t123
ERROR: expected isValid() to return true for http://www.google.com:65535/$23/$23?action=view
ERROR: expected isValid() to return true for http://www.google.com:65535/$23/$23?action=edit&amp;mode=up
ERROR: expected isValid() to return true for http://www.google.com:65535/$23/$23
ERROR: expected isValid() to return true for http://www.google.com:65535/$23/test1?action=view
ERROR: expected isValid() to return true for http://www.google.com:65535/$23/test1?action=edit&amp;mode=up
ERROR: expected isValid() to return true for http://www.google.com:65535/$23/test1
ERROR: expected isValid() to return true for http://www.google.com:65535/$23/test1/file?action=view
ERROR: expected isValid() to return true for http://www.google.com:65535/$23/test1/file?action=edit&amp;mode=up
ERROR: expected isValid() to return true for http://www.google.com:65535/$23/test1/file
ERROR: expected isValid() to return true for http://www.google.com:65535/$23/t123/file?action=view
ERROR: expected isValid() to return true for http://www.google.com:65535/$23/t123/file?action=edit&amp;mode=up
ERROR: expected isValid() to return true for http://www.google.com:65535/$23/t123/file
ERROR: expected isValid() to return true for http://www.google.com:65535/$23/$23/file?action=view
ERROR: expected isValid() to return true for http://www.google.com:65535/$23/$23/file?action=edit&amp;mode=up
ERROR: expected isValid() to return true for http://www.google.com:65535/$23/$23/file
ERROR: expected isValid() to return true for http://www.google.com:65535/test1/test1?action=view
ERROR: expected isValid() to return true for http://www.google.com:65535/test1/test1?action=edit&amp;mode=up
ERROR: expected isValid() to return true for http://www.google.com:65535/test1/test1
ERROR: expected isValid() to return true for http://www.google.com:65535/test1/t123?action=view
ERROR: expected isValid() to return true for http://www.google.com:65535/test1/t123?action=edit&amp;mode=up
ERROR: expected isValid() to return true for http://www.google.com:65535/test1/t123
ERROR: expected isValid() to return true for http://www.google.com:65535/test1/$23?action=view
ERROR: expected isValid() to return true for http://www.google.com:65535/test1/$23?action=edit&amp;mode=up
ERROR: expected isValid() to return true for http://www.google.com:65535/test1/$23
ERROR: expected isValid() to return true for http://www.google.com:65535/test1/test1?action=view
ERROR: expected isValid() to return true for http://www.google.com:65535/test1/test1?action=edit&amp;mode=up
ERROR: expected isValid() to return true for http://www.google.com:65535/test1/test1
ERROR: expected isValid() to return true for http://www.google.com:65535/test1/test1/file?action=view
ERROR: expected isValid() to return true for http://www.google.com:65535/test1/test1/file?action=edit&amp;mode=up
ERROR: expected isValid() to return true for http://www.google.com:65535/test1/test1/file
ERROR: expected isValid() to return true for http://www.google.com:65535/test1/t123/file?action=view
ERROR: expected isValid() to return true for http://www.google.com:65535/test1/t123/file?action=edit&amp;mode=up
ERROR: expected isValid() to return true for http://www.google.com:65535/test1/t123/file
ERROR: expected isValid() to return true for http://www.google.com:65535/test1/$23/file?action=view
ERROR: expected isValid() to return true for http://www.google.com:65535/test1/$23/file?action=edit&amp;mode=up
ERROR: expected isValid() to return true for http://www.google.com:65535/test1/$23/file
ERROR: expected isValid() to return true for http://www.google.com:65535/test1/file/test1?action=view
ERROR: expected isValid() to return true for http://www.google.com:65535/test1/file/test1?action=edit&amp;mode=up
ERROR: expected isValid() to return true for http://www.google.com:65535/test1/file/test1
ERROR: expected isValid() to return true for http://www.google.com:65535/test1/file/t123?action=view
ERROR: expected isValid() to return true for http://www.google.com:65535/test1/file/t123?action=edit&amp;mode=up
ERROR: expected isValid() to return true for http://www.google.com:65535/test1/file/t123
ERROR: expected isValid() to return true for http://www.google.com:65535/test1/file/$23?action=view
ERROR: expected isValid() to return true for http://www.google.com:65535/test1/file/$23?action=edit&amp;mode=up
ERROR: expected isValid() to return true for http://www.google.com:65535/test1/file/$23
ERROR: expected isValid() to return true for http://www.google.com:65535/test1/file/test1?action=view
ERROR: expected isValid() to return true for http://www.google.com:65535/test1/file/test1?action=edit&amp;mode=up
ERROR: expected isValid() to return true for http://www.google.com:65535/test1/file/test1
ERROR: expected isValid() to return true for http://www.google.com:65535/test1/file/test1/file?action=view
ERROR: expected isValid() to return true for http://www.google.com:65535/test1/file/test1/file?action=edit&amp;mode=up
ERROR: expected isValid() to return true for http://www.google.com:65535/test1/file/test1/file
ERROR: expected isValid() to return true for http://www.google.com:65535/test1/file/t123/file?action=view
ERROR: expected isValid() to return true for http://www.google.com:65535/test1/file/t123/file?action=edit&amp;mode=up
ERROR: expected isValid() to return true for http://www.google.com:65535/test1/file/t123/file
ERROR: expected isValid() to return true for http://www.google.com:65535/test1/file/$23/file?action=view
ERROR: expected isValid() to return true for http://www.google.com:65535/test1/file/$23/file?action=edit&amp;mode=up
ERROR: expected isValid() to return true for http://www.google.com:65535/test1/file/$23/file
ERROR: expected isValid() to return true for http://www.google.com:0/test1/test1?action=view
ERROR: expected isValid() to return true for http://www.google.com:0/test1/test1?action=edit&amp;mode=up
ERROR: expected isValid() to return true for http://www.google.com:0/test1/t123?action=view
ERROR: expected isValid() to return true for http://www.google.com:0/test1/t123?action=edit&amp;mode=up
ERROR: expected isValid() to return true for http://www.google.com:0/test1/$23?action=view
ERROR: expected isValid() to return true for http://www.google.com:0/test1/$23?action=edit&amp;mode=up
ERROR: expected isValid() to return true for http://www.google.com:0/test1/test1?action=view
ERROR: expected isValid() to return true for http://www.google.com:0/test1/test1?action=edit&amp;mode=up
ERROR: expected isValid() to return true for http://www.google.com:0/test1/test1/file?action=view
ERROR: expected isValid() to return true for http://www.google.com:0/test1/test1/file?action=edit&amp;mode=up
ERROR: expected isValid() to return true for http://www.google.com:0/test1/t123/file?action=view
ERROR: expected isValid() to return true for http://www.google.com:0/test1/t123/file?action=edit&amp;mode=up
ERROR: expected isValid() to return true for http://www.google.com:0/test1/$23/file?action=view
ERROR: expected isValid() to return true for http://www.google.com:0/test1/$23/file?action=edit&amp;mode=up
ERROR: expected isValid() to return true for http://www.google.com:0/t123/test1?action=view
ERROR: expected isValid() to return true for http://www.google.com:0/t123/test1?action=edit&amp;mode=up
ERROR: expected isValid() to return true for http://www.google.com:0/t123/t123?action=view
ERROR: expected isValid() to return true for http://www.google.com:0/t123/t123?action=edit&amp;mode=up
ERROR: expected isValid() to return true for http://www.google.com:0/t123/$23?action=view
ERROR: expected isValid() to return true for http://www.google.com:0/t123/$23?action=edit&amp;mode=up
ERROR: expected isValid() to return true for http://www.google.com:0/t123/test1?action=view
ERROR: expected isValid() to return true for http://www.google.com:0/t123/test1?action=edit&amp;mode=up
ERROR: expected isValid() to return true for http://www.google.com:0/t123/test1/file?action=view
ERROR: expected isValid() to return true for http://www.google.com:0/t123/test1/file?action=edit&amp;mode=up
ERROR: expected isValid() to return true for http://www.google.com:0/t123/t123/file?action=view
ERROR: expected isValid() to return true for http://www.google.com:0/t123/t123/file?action=edit&amp;mode=up
ERROR: expected isValid() to return true for http://www.google.com:0/t123/$23/file?action=view
ERROR: expected isValid() to return true for http://www.google.com:0/t123/$23/file?action=edit&amp;mode=up
ERROR: expected isValid() to return true for http://www.google.com:0/$23/test1?action=view
ERROR: expected isValid() to return true for http://www.google.com:0/$23/test1?action=edit&amp;mode=up
ERROR: expected isValid() to return true for http://www.google.com:0/$23/t123?action=view
ERROR: expected isValid() to return true for http://www.google.com:0/$23/t123?action=edit&amp;mode=up
ERROR: expected isValid() to return true for http://www.google.com:0/$23/$23?action=view
ERROR: expected isValid() to return true for http://www.google.com:0/$23/$23?action=edit&amp;mode=up
ERROR: expected isValid() to return true for http://www.google.com:0/$23/test1?action=view
ERROR: expected isValid() to return true for http://www.google.com:0/$23/test1?action=edit&amp;mode=up
ERROR: expected isValid() to return true for http://www.google.com:0/$23/test1/file?action=view
ERROR: expected isValid() to return true for http://www.google.com:0/$23/test1/file?action=edit&amp;mode=up
ERROR: expected isValid() to return true for http://www.google.com:0/$23/t123/file?action=view
ERROR: expected isValid() to return true for http://www.google.com:0/$23/t123/file?action=edit&amp;mode=up
ERROR: expected isValid() to return true for http://www.google.com:0/$23/$23/file?action=view
ERROR: expected isValid() to return true for http://www.google.com:0/$23/$23/file?action=edit&amp;mode=up
ERROR: expected isValid() to return true for http://www.google.com:0/test1/test1?action=view
ERROR: expected isValid() to return true for http://www.google.com:0/test1/test1?action=edit&amp;mode=up
ERROR: expected isValid() to return true for http://www.google.com:0/test1/t123?action=view
ERROR: expected isValid() to return true for http://www.google.com:0/test1/t123?action=edit&amp;mode=up
ERROR: expected isValid() to return true for http://www.google.com:0/test1/$23?action=view
ERROR: expected isValid() to return true for http://www.google.com:0/test1/$23?action=edit&amp;mode=up
ERROR: expected isValid() to return true for http://www.google.com:0/test1/test1?action=view
ERROR: expected isValid() to return true for http://www.google.com:0/test1/test1?action=edit&amp;mode=up
ERROR: expected isValid() to return true for http://www.google.com:0/test1/test1/file?action=view
ERROR: expected isValid() to return true for http://www.google.com:0/test1/test1/file?action=edit&amp;mode=up
ERROR: expected isValid() to return true for http://www.google.com:0/test1/t123/file?action=view
ERROR: expected isValid() to return true for http://www.google.com:0/test1/t123/file?action=edit&amp;mode=up
ERROR: expected isValid() to return true for http://www.google.com:0/test1/$23/file?action=view
ERROR: expected isValid() to return true for http://www.google.com:0/test1/$23/file?action=edit&amp;mode=up
ERROR: expected isValid() to return true for http://www.google.com:0/test1/file/test1?action=view
ERROR: expected isValid() to return true for http://www.google.com:0/test1/file/test1?action=edit&amp;mode=up
ERROR: expected isValid() to return true for http://www.google.com:0/test1/file/t123?action=view
ERROR: expected isValid() to return true for http://www.google.com:0/test1/file/t123?action=edit&amp;mode=up
ERROR: expected isValid() to return true for http://www.google.com:0/test1/file/$23?action=view
ERROR: expected isValid() to return true for http://www.google.com:0/test1/file/$23?action=edit&amp;mode=up
ERROR: expected isValid() to return true for http://www.google.com:0/test1/file/test1?action=view
ERROR: expected isValid() to return true for http://www.google.com:0/test1/file/test1?action=edit&amp;mode=up
ERROR: expected isValid() to return true for http://www.google.com:0/test1/file/test1/file?action=view
ERROR: expected isValid() to return true for http://www.google.com:0/test1/file/test1/file?action=edit&amp;mode=up
ERROR: expected isValid() to return true for http://www.google.com:0/test1/file/t123/file?action=view
ERROR: expected isValid() to return true for http://www.google.com:0/test1/file/t123/file?action=edit&amp;mode=up
ERROR: expected isValid() to return true for http://www.google.com:0/test1/file/$23/file?action=view
ERROR: expected isValid() to return true for http://www.google.com:0/test1/file/$23/file?action=edit&amp;mode=up
ERROR: expected isValid() to return true for http://www.google.com/test1/test1?action=view
ERROR: expected isValid() to return true for http://www.google.com/test1/test1?action=edit&amp;mode=up
ERROR: expected isValid() to return true for http://www.google.com/test1/t123?action=view
ERROR: expected isValid() to return true for http://www.google.com/test1/t123?action=edit&amp;mode=up
ERROR: expected isValid() to return true for http://www.google.com/test1/$23?action=view
ERROR: expected isValid() to return true for http://www.google.com/test1/$23?action=edit&amp;mode=up
ERROR: expected isValid() to return true for http://www.google.com/test1/test1?action=view
ERROR: expected isValid() to return true for http://www.google.com/test1/test1?action=edit&amp;mode=up
ERROR: expected isValid() to return true for http://www.google.com/test1/test1/file?action=view
ERROR: expected isValid() to return true for http://www.google.com/test1/test1/file?action=edit&amp;mode=up
ERROR: expected isValid() to return true for http://www.google.com/test1/t123/file?action=view
ERROR: expected isValid() to return true for http://www.google.com/test1/t123/file?action=edit&amp;mode=up
ERROR: expected isValid() to return true for http://www.google.com/test1/$23/file?action=view
ERROR: expected isValid() to return true for http://www.google.com/test1/$23/file?action=edit&amp;mode=up
ERROR: expected isValid() to return true for http://www.google.com/t123/test1?action=view
ERROR: expected isValid() to return true for http://www.google.com/t123/test1?action=edit&amp;mode=up
ERROR: expected isValid() to return true for http://www.google.com/t123/t123?action=view
ERROR: expected isValid() to return true for http://www.google.com/t123/t123?action=edit&amp;mode=up
ERROR: expected isValid() to return true for http://www.google.com/t123/$23?action=view
ERROR: expected isValid() to return true for http://www.google.com/t123/$23?action=edit&amp;mode=up
ERROR: expected isValid() to return true for http://www.google.com/t123/test1?action=view
ERROR: expected isValid() to return true for http://www.google.com/t123/test1?action=edit&amp;mode=up
ERROR: expected isValid() to return true for http://www.google.com/t123/test1/file?action=view
ERROR: expected isValid() to return true for http://www.google.com/t123/test1/file?action=edit&amp;mode=up
ERROR: expected isValid() to return true for http://www.google.com/t123/t123/file?action=view
ERROR: expected isValid() to return true for http://www.google.com/t123/t123/file?action=edit&amp;mode=up
ERROR: expected isValid() to return true for http://www.google.com/t123/$23/file?action=view
ERROR: expected isValid() to return true for http://www.google.com/t123/$23/file?action=edit&amp;mode=up
ERROR: expected isValid() to return true for http://www.google.com/$23/test1?action=view
ERROR: expected isValid() to return true for http://www.google.com/$23/test1?action=edit&amp;mode=up
ERROR: expected isValid() to return true for http://www.google.com/$23/t123?action=view
ERROR: expected isValid() to return true for http://www.google.com/$23/t123?action=edit&amp;mode=up
ERROR: expected isValid() to return true for http://www.google.com/$23/$23?action=view
ERROR: expected isValid() to return true for http://www.google.com/$23/$23?action=edit&amp;mode=up
ERROR: expected isValid() to return true for http://www.google.com/$23/test1?action=view
ERROR: expected isValid() to return true for http://www.google.com/$23/test1?action=edit&amp;mode=up
ERROR: expected isValid() to return true for http://www.google.com/$23/test1/file?action=view
ERROR: expected isValid() to return true for http://www.google.com/$23/test1/file?action=edit&amp;mode=up
ERROR: expected isValid() to return true for http://www.google.com/$23/t123/file?action=view
ERROR: expected isValid() to return true for http://www.google.com/$23/t123/file?action=edit&amp;mode=up
ERROR: expected isValid() to return true for http://www.google.com/$23/$23/file?action=view
ERROR: expected isValid() to return true for http://www.google.com/$23/$23/file?action=edit&amp;mode=up
ERROR: expected isValid() to return true for http://www.google.com/test1/test1?action=view
ERROR: expected isValid() to return true for http://www.google.com/test1/test1?action=edit&amp;mode=up
ERROR: expected isValid() to return true for http://www.google.com/test1/t123?action=view
ERROR: expected isValid() to return true for http://www.google.com/test1/t123?action=edit&amp;mode=up
ERROR: expected isValid() to return true for http://www.google.com/test1/$23?action=view
ERROR: expected isValid() to return true for http://www.google.com/test1/$23?action=edit&amp;mode=up
ERROR: expected isValid() to return true for http://www.google.com/test1/test1?action=view
ERROR: expected isValid() to return true for http://www.google.com/test1/test1?action=edit&amp;mode=up
ERROR: expected isValid() to return true for http://www.google.com/test1/test1/file?action=view
ERROR: expected isValid() to return true for http://www.google.com/test1/test1/file?action=edit&amp;mode=up
ERROR: expected isValid() to return true for http://www.google.com/test1/t123/file?action=view
ERROR: expected isValid() to return true for http://www.google.com/test1/t123/file?action=edit&amp;mode=up
ERROR: expected isValid() to return true for http://www.google.com/test1/$23/file?action=view
ERROR: expected isValid() to return true for http://www.google.com/test1/$23/file?action=edit&amp;mode=up
ERROR: expected isValid() to return true for http://www.google.com/test1/file/test1?action=view
ERROR: expected isValid() to return true for http://www.google.com/test1/file/test1?action=edit&amp;mode=up
ERROR: expected isValid() to return true for http://www.google.com/test1/file/t123?action=view
ERROR: expected isValid() to return true for http://www.google.com/test1/file/t123?action=edit&amp;mode=up
ERROR: expected isValid() to return true for http://www.google.com/test1/file/$23?action=view
ERROR: expected isValid() to return true for http://www.google.com/test1/file/$23?action=edit&amp;mode=up
ERROR: expected isValid() to return true for http://www.google.com/test1/file/test1?action=view
ERROR: expected isValid() to return true for http://www.google.com/test1/file/test1?action=edit&amp;mode=up
ERROR: expected isValid() to return true for http://www.google.com/test1/file/test1/file?action=view
ERROR: expected isValid() to return true for http://www.google.com/test1/file/test1/file?action=edit&amp;mode=up
ERROR: expected isValid() to return true for http://www.google.com/test1/file/t123/file?action=view
ERROR: expected isValid() to return true for http://www.google.com/test1/file/t123/file?action=edit&amp;mode=up
ERROR: expected isValid() to return true for http://www.google.com/test1/file/$23/file?action=view
ERROR: expected isValid() to return true for http://www.google.com/test1/file/$23/file?action=edit&amp;mode=up
ERROR: expected isValid() to return true for http://www.google.com:65636/test1/test1?action=view
ERROR: expected isValid() to return true for http://www.google.com:65636/test1/test1?action=edit&amp;mode=up
ERROR: expected isValid() to return true for http://www.google.com:65636/test1/test1
ERROR: expected isValid() to return true for http://www.google.com:65636/test1/t123?action=view
ERROR: expected isValid() to return true for http://www.google.com:65636/test1/t123?action=edit&amp;mode=up
ERROR: expected isValid() to return true for http://www.google.com:65636/test1/t123
ERROR: expected isValid() to return true for http://www.google.com:65636/test1/$23?action=view
ERROR: expected isValid() to return true for http://www.google.com:65636/test1/$23?action=edit&amp;mode=up
ERROR: expected isValid() to return true for http://www.google.com:65636/test1/$23
ERROR: expected isValid() to return true for http://www.google.com:65636/test1/test1?action=view
ERROR: expected isValid() to return true for http://www.google.com:65636/test1/test1?action=edit&amp;mode=up
ERROR: expected isValid() to return true for http://www.google.com:65636/test1/test1
ERROR: expected isValid() to return true for http://www.google.com:65636/test1/test1/file?action=view
ERROR: expected isValid() to return true for http://www.google.com:65636/test1/test1/file?action=edit&amp;mode=up
ERROR: expected isValid() to return true for http://www.google.com:65636/test1/test1/file
ERROR: expected isValid() to return true for http://www.google.com:65636/test1/t123/file?action=view
ERROR: expected isValid() to return true for http://www.google.com:65636/test1/t123/file?action=edit&amp;mode=up
ERROR: expected isValid() to return true for http://www.google.com:65636/test1/t123/file
ERROR: expected isValid() to return true for http://www.google.com:65636/test1/$23/file?action=view
ERROR: expected isValid() to return true for http://www.google.com:65636/test1/$23/file?action=edit&amp;mode=up
ERROR: expected isValid() to return true for http://www.google.com:65636/test1/$23/file
ERROR: expected isValid() to return true for http://www.google.com:65636/t123/test1?action=view
ERROR: expected isValid() to return true for http://www.google.com:65636/t123/test1?action=edit&amp;mode=up
ERROR: expected isValid() to return true for http://www.google.com:65636/t123/test1
ERROR: expected isValid() to return true for http://www.google.com:65636/t123/t123?action=view
ERROR: expected isValid() to return true for http://www.google.com:65636/t123/t123?action=edit&amp;mode=up
ERROR: expected isValid() to return true for http://www.google.com:65636/t123/t123
ERROR: expected isValid() to return true for http://www.google.com:65636/t123/$23?action=view
ERROR: expected isValid() to return true for http://www.google.com:65636/t123/$23?action=edit&amp;mode=up
ERROR: expected isValid() to return true for http://www.google.com:65636/t123/$23
ERROR: expected isValid() to return true for http://www.google.com:65636/t123/test1?action=view
ERROR: expected isValid() to return true for http://www.google.com:65636/t123/test1?action=edit&amp;mode=up
ERROR: expected isValid() to return true for http://www.google.com:65636/t123/test1
ERROR: expected isValid() to return true for http://www.google.com:65636/t123/test1/file?action=view
ERROR: expected isValid() to return true for http://www.google.com:65636/t123/test1/file?action=edit&amp;mode=up
ERROR: expected isValid() to return true for http://www.google.com:65636/t123/test1/file
ERROR: expected isValid() to return true for http://www.google.com:65636/t123/t123/file?action=view
ERROR: expected isValid() to return true for http://www.google.com:65636/t123/t123/file?action=edit&amp;mode=up
ERROR: expected isValid() to return true for http://www.google.com:65636/t123/t123/file
ERROR: expected isValid() to return true for http://www.google.com:65636/t123/$23/file?action=view
ERROR: expected isValid() to return true for http://www.google.com:65636/t123/$23/file?action=edit&amp;mode=up
ERROR: expected isValid() to return true for http://www.google.com:65636/t123/$23/file
ERROR: expected isValid() to return true for http://www.google.com:65636/$23/test1?action=view
ERROR: expected isValid() to return true for http://www.google.com:65636/$23/test1?action=edit&amp;mode=up
ERROR: expected isValid() to return true for http://www.google.com:65636/$23/test1
ERROR: expected isValid() to return true for http://www.google.com:65636/$23/t123?action=view
ERROR: expected isValid() to return true for http://www.google.com:65636/$23/t123?action=edit&amp;mode=up
ERROR: expected isValid() to return true for http://www.google.com:65636/$23/t123
ERROR: expected isValid() to return true for http://www.google.com:65636/$23/$23?action=view
ERROR: expected isValid() to return true for http://www.google.com:65636/$23/$23?action=edit&amp;mode=up
ERROR: expected isValid() to return true for http://www.google.com:65636/$23/$23
ERROR: expected isValid() to return true for http://www.google.com:65636/$23/test1?action=view
ERROR: expected isValid() to return true for http://www.google.com:65636/$23/test1?action=edit&amp;mode=up
ERROR: expected isValid() to return true for http://www.google.com:65636/$23/test1
ERROR: expected isValid() to return true for http://www.google.com:65636/$23/test1/file?action=view
ERROR: expected isValid() to return true for http://www.google.com:65636/$23/test1/file?action=edit&amp;mode=up
ERROR: expected isValid() to return true for http://www.google.com:65636/$23/test1/file
ERROR: expected isValid() to return true for http://www.google.com:65636/$23/t123/file?action=view
ERROR: expected isValid() to return true for http://www.google.com:65636/$23/t123/file?action=edit&amp;mode=up
ERROR: expected isValid() to return true for http://www.google.com:65636/$23/t123/file
ERROR: expected isValid() to return true for http://www.google.com:65636/$23/$23/file?action=view
ERROR: expected isValid() to return true for http://www.google.com:65636/$23/$23/file?action=edit&amp;mode=up
ERROR: expected isValid() to return true for http://www.google.com:65636/$23/$23/file
ERROR: expected isValid() to return true for http://www.google.com:65636/test1/test1?action=view
ERROR: expected isValid() to return true for http://www.google.com:65636/test1/test1?action=edit&amp;mode=up
ERROR: expected isValid() to return true for http://www.google.com:65636/test1/test1
ERROR: expected isValid() to return true for http://www.google.com:65636/test1/t123?action=view
ERROR: expected isValid() to return true for http://www.google.com:65636/test1/t123?action=edit&amp;mode=up
ERROR: expected isValid() to return true for http://www.google.com:65636/test1/t123
ERROR: expected isValid() to return true for http://www.google.com:65636/test1/$23?action=view
ERROR: expected isValid() to return true for http://www.google.com:65636/test1/$23?action=edit&amp;mode=up
ERROR: expected isValid() to return true for http://www.google.com:65636/test1/$23
ERROR: expected isValid() to return true for http://www.google.com:65636/test1/test1?action=view
ERROR: expected isValid() to return true for http://www.google.com:65636/test1/test1?action=edit&amp;mode=up
ERROR: expected isValid() to return true for http://www.google.com:65636/test1/test1
ERROR: expected isValid() to return true for http://www.google.com:65636/test1/test1/file?action=view
ERROR: expected isValid() to return true for http://www.google.com:65636/test1/test1/file?action=edit&amp;mode=up
ERROR: expected isValid() to return true for http://www.google.com:65636/test1/test1/file
ERROR: expected isValid() to return true for http://www.google.com:65636/test1/t123/file?action=view
ERROR: expected isValid() to return true for http://www.google.com:65636/test1/t123/file?action=edit&amp;mode=up
ERROR: expected isValid() to return true for http://www.google.com:65636/test1/t123/file
ERROR: expected isValid() to return true for http://www.google.com:65636/test1/$23/file?action=view
ERROR: expected isValid() to return true for http://www.google.com:65636/test1/$23/file?action=edit&amp;mode=up
ERROR: expected isValid() to return true for http://www.google.com:65636/test1/$23/file
ERROR: expected isValid() to return true for http://www.google.com:65636/test1/file/test1?action=view
ERROR: expected isValid() to return true for http://www.google.com:65636/test1/file/test1?action=edit&amp;mode=up
ERROR: expected isValid() to return true for http://www.google.com:65636/test1/file/test1
ERROR: expected isValid() to return true for http://www.google.com:65636/test1/file/t123?action=view
ERROR: expected isValid() to return true for http://www.google.com:65636/test1/file/t123?action=edit&amp;mode=up
ERROR: expected isValid() to return true for http://www.google.com:65636/test1/file/t123
ERROR: expected isValid() to return true for http://www.google.com:65636/test1/file/$23?action=view
ERROR: expected isValid() to return true for http://www.google.com:65636/test1/file/$23?action=edit&amp;mode=up
ERROR: expected isValid() to return true for http://www.google.com:65636/test1/file/$23
ERROR: expected isValid() to return true for http://www.google.com:65636/test1/file/test1?action=view
ERROR: expected isValid() to return true for http://www.google.com:65636/test1/file/test1?action=edit&amp;mode=up
ERROR: expected isValid() to return true for http://www.google.com:65636/test1/file/test1
ERROR: expected isValid() to return true for http://www.google.com:65636/test1/file/test1/file?action=view
ERROR: expected isValid() to return true for http://www.google.com:65636/test1/file/test1/file?action=edit&amp;mode=up
ERROR: expected isValid() to return true for http://www.google.com:65636/test1/file/test1/file
ERROR: expected isValid() to return true for http://www.google.com:65636/test1/file/t123/file?action=view
ERROR: expected isValid() to return true for http://www.google.com:65636/test1/file/t123/file?action=edit&amp;mode=up
ERROR: expected isValid() to return true for http://www.google.com:65636/test1/file/t123/file
ERROR: expected isValid() to return true for http://www.google.com:65636/test1/file/$23/file?action=view
ERROR: expected isValid() to return true for http://www.google.com:65636/test1/file/$23/file?action=edit&amp;mode=up
ERROR: expected isValid() to return true for http://www.google.com:65636/test1/file/$23/file
ERROR: expected isValid() to return true for http://go.com:80/test1/test1?action=view
ERROR: expected isValid() to return true for http://go.com:80/test1/test1?action=edit&amp;mode=up
ERROR: expected isValid() to return true for http://go.com:80/test1/t123?action=view
ERROR: expected isValid() to return true for http://go.com:80/test1/t123?action=edit&amp;mode=up
ERROR: expected isValid() to return true for http://go.com:80/test1/$23?action=view
ERROR: expected isValid() to return true for http://go.com:80/test1/$23?action=edit&amp;mode=up
ERROR: expected isValid() to return true for http://go.com:80/test1/test1?action=view
ERROR: expected isValid() to return true for http://go.com:80/test1/test1?action=edit&amp;mode=up
ERROR: expected isValid() to return true for http://go.com:80/test1/test1/file?action=view
ERROR: expected isValid() to return true for http://go.com:80/test1/test1/file?action=edit&amp;mode=up
ERROR: expected isValid() to return true for http://go.com:80/test1/t123/file?action=view
ERROR: expected isValid() to return true for http://go.com:80/test1/t123/file?action=edit&amp;mode=up
ERROR: expected isValid() to return true for http://go.com:80/test1/$23/file?action=view
ERROR: expected isValid() to return true for http://go.com:80/test1/$23/file?action=edit&amp;mode=up
ERROR: expected isValid() to return true for http://go.com:80/t123/test1?action=view
ERROR: expected isValid() to return true for http://go.com:80/t123/test1?action=edit&amp;mode=up
ERROR: expected isValid() to return true for http://go.com:80/t123/t123?action=view
ERROR: expected isValid() to return true for http://go.com:80/t123/t123?action=edit&amp;mode=up
ERROR: expected isValid() to return true for http://go.com:80/t123/$23?action=view
ERROR: expected isValid() to return true for http://go.com:80/t123/$23?action=edit&amp;mode=up
ERROR: expected isValid() to return true for http://go.com:80/t123/test1?action=view
ERROR: expected isValid() to return true for http://go.com:80/t123/test1?action=edit&amp;mode=up
ERROR: expected isValid() to return true for http://go.com:80/t123/test1/file?action=view
ERROR: expected isValid() to return true for http://go.com:80/t123/test1/file?action=edit&amp;mode=up
ERROR: expected isValid() to return true for http://go.com:80/t123/t123/file?action=view
ERROR: expected isValid() to return true for http://go.com:80/t123/t123/file?action=edit&amp;mode=up
ERROR: expected isValid() to return true for http://go.com:80/t123/$23/file?action=view
ERROR: expected isValid() to return true for http://go.com:80/t123/$23/file?action=edit&amp;mode=up
ERROR: expected isValid() to return true for http://go.com:80/$23/test1?action=view
ERROR: expected isValid() to return true for http://go.com:80/$23/test1?action=edit&amp;mode=up
ERROR: expected isValid() to return true for http://go.com:80/$23/t123?action=view
ERROR: expected isValid() to return true for http://go.com:80/$23/t123?action=edit&amp;mode=up
ERROR: expected isValid() to return true for http://go.com:80/$23/$23?action=view
ERROR: expected isValid() to return true for http://go.com:80/$23/$23?action=edit&amp;mode=up
ERROR: expected isValid() to return true for http://go.com:80/$23/test1?action=view
ERROR: expected isValid() to return true for http://go.com:80/$23/test1?action=edit&amp;mode=up
ERROR: expected isValid() to return true for http://go.com:80/$23/test1/file?action=view
ERROR: expected isValid() to return true for http://go.com:80/$23/test1/file?action=edit&amp;mode=up
ERROR: expected isValid() to return true for http://go.com:80/$23/t123/file?action=view
ERROR: expected isValid() to return true for http://go.com:80/$23/t123/file?action=edit&amp;mode=up
ERROR: expected isValid() to return true for http://go.com:80/$23/$23/file?action=view
ERROR: expected isValid() to return true for http://go.com:80/$23/$23/file?action=edit&amp;mode=up
ERROR: expected isValid() to return true for http://go.com:80/test1/test1?action=view
ERROR: expected isValid() to return true for http://go.com:80/test1/test1?action=edit&amp;mode=up
ERROR: expected isValid() to return true for http://go.com:80/test1/t123?action=view
ERROR: expected isValid() to return true for http://go.com:80/test1/t123?action=edit&amp;mode=up
ERROR: expected isValid() to return true for http://go.com:80/test1/$23?action=view
ERROR: expected isValid() to return true for http://go.com:80/test1/$23?action=edit&amp;mode=up
ERROR: expected isValid() to return true for http://go.com:80/test1/test1?action=view
ERROR: expected isValid() to return true for http://go.com:80/test1/test1?action=edit&amp;mode=up
ERROR: expected isValid() to return true for http://go.com:80/test1/test1/file?action=view
ERROR: expected isValid() to return true for http://go.com:80/test1/test1/file?action=edit&amp;mode=up
ERROR: expected isValid() to return true for http://go.com:80/test1/t123/file?action=view
ERROR: expected isValid() to return true for http://go.com:80/test1/t123/file?action=edit&amp;mode=up
ERROR: expected isValid() to return true for http://go.com:80/test1/$23/file?action=view
ERROR: expected isValid() to return true for http://go.com:80/test1/$23/file?action=edit&amp;mode=up
ERROR: expected isValid() to return true for http://go.com:80/test1/file/test1?action=view
ERROR: expected isValid() to return true for http://go.com:80/test1/file/test1?action=edit&amp;mode=up
ERROR: expected isValid() to return true for http://go.com:80/test1/file/t123?action=view
ERROR: expected isValid() to return true for http://go.com:80/test1/file/t123?action=edit&amp;mode=up
ERROR: expected isValid() to return true for http://go.com:80/test1/file/$23?action=view
ERROR: expected isValid() to return true for http://go.com:80/test1/file/$23?action=edit&amp;mode=up
ERROR: expected isValid() to return true for http://go.com:80/test1/file/test1?action=view
ERROR: expected isValid() to return true for http://go.com:80/test1/file/test1?action=edit&amp;mode=up
ERROR: expected isValid() to return true for http://go.com:80/test1/file/test1/file?action=view
ERROR: expected isValid() to return true for http://go.com:80/test1/file/test1/file?action=edit&amp;mode=up
ERROR: expected isValid() to return true for http://go.com:80/test1/file/t123/file?action=view
ERROR: expected isValid() to return true for http://go.com:80/test1/file/t123/file?action=edit&amp;mode=up
ERROR: expected isValid() to return true for http://go.com:80/test1/file/$23/file?action=view
ERROR: expected isValid() to return true for http://go.com:80/test1/file/$23/file?action=edit&amp;mode=up
ERROR: expected isValid() to return true for http://go.com:65535/test1/test1?action=view
ERROR: expected isValid() to return true for http://go.com:65535/test1/test1?action=edit&amp;mode=up
ERROR: expected isValid() to return true for http://go.com:65535/test1/test1
ERROR: expected isValid() to return true for http://go.com:65535/test1/t123?action=view
ERROR: expected isValid() to return true for http://go.com:65535/test1/t123?action=edit&amp;mode=up
ERROR: expected isValid() to return true for http://go.com:65535/test1/t123
ERROR: expected isValid() to return true for http://go.com:65535/test1/$23?action=view
ERROR: expected isValid() to return true for http://go.com:65535/test1/$23?action=edit&amp;mode=up
ERROR: expected isValid() to return true for http://go.com:65535/test1/$23
ERROR: expected isValid() to return true for http://go.com:65535/test1/test1?action=view
ERROR: expected isValid() to return true for http://go.com:65535/test1/test1?action=edit&amp;mode=up
ERROR: expected isValid() to return true for http://go.com:65535/test1/test1
ERROR: expected isValid() to return true for http://go.com:65535/test1/test1/file?action=view
ERROR: expected isValid() to return true for http://go.com:65535/test1/test1/file?action=edit&amp;mode=up
ERROR: expected isValid() to return true for http://go.com:65535/test1/test1/file
ERROR: expected isValid() to return true for http://go.com:65535/test1/t123/file?action=view
ERROR: expected isValid() to return true for http://go.com:65535/test1/t123/file?action=edit&amp;mode=up
ERROR: expected isValid() to return true for http://go.com:65535/test1/t123/file
ERROR: expected isValid() to return true for http://go.com:65535/test1/$23/file?action=view
ERROR: expected isValid() to return true for http://go.com:65535/test1/$23/file?action=edit&amp;mode=up
ERROR: expected isValid() to return true for http://go.com:65535/test1/$23/file
ERROR: expected isValid() to return true for http://go.com:65535/t123/test1?action=view
ERROR: expected isValid() to return true for http://go.com:65535/t123/test1?action=edit&amp;mode=up
ERROR: expected isValid() to return true for http://go.com:65535/t123/test1
ERROR: expected isValid() to return true for http://go.com:65535/t123/t123?action=view
ERROR: expected isValid() to return true for http://go.com:65535/t123/t123?action=edit&amp;mode=up
ERROR: expected isValid() to return true for http://go.com:65535/t123/t123
ERROR: expected isValid() to return true for http://go.com:65535/t123/$23?action=view
ERROR: expected isValid() to return true for http://go.com:65535/t123/$23?action=edit&amp;mode=up
ERROR: expected isValid() to return true for http://go.com:65535/t123/$23
ERROR: expected isValid() to return true for http://go.com:65535/t123/test1?action=view
ERROR: expected isValid() to return true for http://go.com:65535/t123/test1?action=edit&amp;mode=up
ERROR: expected isValid() to return true for http://go.com:65535/t123/test1
ERROR: expected isValid() to return true for http://go.com:65535/t123/test1/file?action=view
ERROR: expected isValid() to return true for http://go.com:65535/t123/test1/file?action=edit&amp;mode=up
ERROR: expected isValid() to return true for http://go.com:65535/t123/test1/file
ERROR: expected isValid() to return true for http://go.com:65535/t123/t123/file?action=view
ERROR: expected isValid() to return true for http://go.com:65535/t123/t123/file?action=edit&amp;mode=up
ERROR: expected isValid() to return true for http://go.com:65535/t123/t123/file
ERROR: expected isValid() to return true for http://go.com:65535/t123/$23/file?action=view
ERROR: expected isValid() to return true for http://go.com:65535/t123/$23/file?action=edit&amp;mode=up
ERROR: expected isValid() to return true for http://go.com:65535/t123/$23/file
ERROR: expected isValid() to return true for http://go.com:65535/$23/test1?action=view
ERROR: expected isValid() to return true for http://go.com:65535/$23/test1?action=edit&amp;mode=up
ERROR: expected isValid() to return true for http://go.com:65535/$23/test1
ERROR: expected isValid() to return true for http://go.com:65535/$23/t123?action=view
ERROR: expected isValid() to return true for http://go.com:65535/$23/t123?action=edit&amp;mode=up
ERROR: expected isValid() to return true for http://go.com:65535/$23/t123
ERROR: expected isValid() to return true for http://go.com:65535/$23/$23?action=view
ERROR: expected isValid() to return true for http://go.com:65535/$23/$23?action=edit&amp;mode=up
ERROR: expected isValid() to return true for http://go.com:65535/$23/$23
ERROR: expected isValid() to return true for http://go.com:65535/$23/test1?action=view
ERROR: expected isValid() to return true for http://go.com:65535/$23/test1?action=edit&amp;mode=up
ERROR: expected isValid() to return true for http://go.com:65535/$23/test1
ERROR: expected isValid() to return true for http://go.com:65535/$23/test1/file?action=view
ERROR: expected isValid() to return true for http://go.com:65535/$23/test1/file?action=edit&amp;mode=up
ERROR: expected isValid() to return true for http://go.com:65535/$23/test1/file
ERROR: expected isValid() to return true for http://go.com:65535/$23/t123/file?action=view
ERROR: expected isValid() to return true for http://go.com:65535/$23/t123/file?action=edit&amp;mode=up
ERROR: expected isValid() to return true for http://go.com:65535/$23/t123/file
ERROR: expected isValid() to return true for http://go.com:65535/$23/$23/file?action=view
ERROR: expected isValid() to return true for http://go.com:65535/$23/$23/file?action=edit&amp;mode=up
ERROR: expected isValid() to return true for http://go.com:65535/$23/$23/file
ERROR: expected isValid() to return true for http://go.com:65535/test1/test1?action=view
ERROR: expected isValid() to return true for http://go.com:65535/test1/test1?action=edit&amp;mode=up
ERROR: expected isValid() to return true for http://go.com:65535/test1/test1
ERROR: expected isValid() to return true for http://go.com:65535/test1/t123?action=view
ERROR: expected isValid() to return true for http://go.com:65535/test1/t123?action=edit&amp;mode=up
ERROR: expected isValid() to return true for http://go.com:65535/test1/t123
ERROR: expected isValid() to return true for http://go.com:65535/test1/$23?action=view
ERROR: expected isValid() to return true for http://go.com:65535/test1/$23?action=edit&amp;mode=up
ERROR: expected isValid() to return true for http://go.com:65535/test1/$23
ERROR: expected isValid() to return true for http://go.com:65535/test1/test1?action=view
ERROR: expected isValid() to return true for http://go.com:65535/test1/test1?action=edit&amp;mode=up
ERROR: expected isValid() to return true for http://go.com:65535/test1/test1
ERROR: expected isValid() to return true for http://go.com:65535/test1/test1/file?action=view
ERROR: expected isValid() to return true for http://go.com:65535/test1/test1/file?action=edit&amp;mode=up
ERROR: expected isValid() to return true for http://go.com:65535/test1/test1/file
ERROR: expected isValid() to return true for http://go.com:65535/test1/t123/file?action=view
ERROR: expected isValid() to return true for http://go.com:65535/test1/t123/file?action=edit&amp;mode=up
ERROR: expected isValid() to return true for http://go.com:65535/test1/t123/file
ERROR: expected isValid() to return true for http://go.com:65535/test1/$23/file?action=view
ERROR: expected isValid() to return true for http://go.com:65535/test1/$23/file?action=edit&amp;mode=up
ERROR: expected isValid() to return true for http://go.com:65535/test1/$23/file
ERROR: expected isValid() to return true for http://go.com:65535/test1/file/test1?action=view
ERROR: expected isValid() to return true for http://go.com:65535/test1/file/test1?action=edit&amp;mode=up
ERROR: expected isValid() to return true for http://go.com:65535/test1/file/test1
ERROR: expected isValid() to return true for http://go.com:65535/test1/file/t123?action=view
ERROR: expected isValid() to return true for http://go.com:65535/test1/file/t123?action=edit&amp;mode=up
ERROR: expected isValid() to return true for http://go.com:65535/test1/file/t123
ERROR: expected isValid() to return true for http://go.com:65535/test1/file/$23?action=view
ERROR: expected isValid() to return true for http://go.com:65535/test1/file/$23?action=edit&amp;mode=up
ERROR: expected isValid() to return true for http://go.com:65535/test1/file/$23
ERROR: expected isValid() to return true for http://go.com:65535/test1/file/test1?action=view
ERROR: expected isValid() to return true for http://go.com:65535/test1/file/test1?action=edit&amp;mode=up
ERROR: expected isValid() to return true for http://go.com:65535/test1/file/test1
ERROR: expected isValid() to return true for http://go.com:65535/test1/file/test1/file?action=view
ERROR: expected isValid() to return true for http://go.com:65535/test1/file/test1/file?action=edit&amp;mode=up
ERROR: expected isValid() to return true for http://go.com:65535/test1/file/test1/file
ERROR: expected isValid() to return true for http://go.com:65535/test1/file/t123/file?action=view
ERROR: expected isValid() to return true for http://go.com:65535/test1/file/t123/file?action=edit&amp;mode=up
ERROR: expected isValid() to return true for http://go.com:65535/test1/file/t123/file
ERROR: expected isValid() to return true for http://go.com:65535/test1/file/$23/file?action=view
ERROR: expected isValid() to return true for http://go.com:65535/test1/file/$23/file?action=edit&amp;mode=up
ERROR: expected isValid() to return true for http://go.com:65535/test1/file/$23/file
ERROR: expected isValid() to return true for http://go.com:0/test1/test1?action=view
ERROR: expected isValid() to return true for http://go.com:0/test1/test1?action=edit&amp;mode=up
ERROR: expected isValid() to return true for http://go.com:0/test1/t123?action=view
ERROR: expected isValid() to return true for http://go.com:0/test1/t123?action=edit&amp;mode=up
ERROR: expected isValid() to return true for http://go.com:0/test1/$23?action=view
ERROR: expected isValid() to return true for http://go.com:0/test1/$23?action=edit&amp;mode=up
ERROR: expected isValid() to return true for http://go.com:0/test1/test1?action=view
ERROR: expected isValid() to return true for http://go.com:0/test1/test1?action=edit&amp;mode=up
ERROR: expected isValid() to return true for http://go.com:0/test1/test1/file?action=view
ERROR: expected isValid() to return true for http://go.com:0/test1/test1/file?action=edit&amp;mode=up
ERROR: expected isValid() to return true for http://go.com:0/test1/t123/file?action=view
ERROR: expected isValid() to return true for http://go.com:0/test1/t123/file?action=edit&amp;mode=up
ERROR: expected isValid() to return true for http://go.com:0/test1/$23/file?action=view
ERROR: expected isValid() to return true for http://go.com:0/test1/$23/file?action=edit&amp;mode=up
ERROR: expected isValid() to return true for http://go.com:0/t123/test1?action=view
ERROR: expected isValid() to return true for http://go.com:0/t123/test1?action=edit&amp;mode=up
ERROR: expected isValid() to return true for http://go.com:0/t123/t123?action=view
ERROR: expected isValid() to return true for http://go.com:0/t123/t123?action=edit&amp;mode=up
ERROR: expected isValid() to return true for http://go.com:0/t123/$23?action=view
ERROR: expected isValid() to return true for http://go.com:0/t123/$23?action=edit&amp;mode=up
ERROR: expected isValid() to return true for http://go.com:0/t123/test1?action=view
ERROR: expected isValid() to return true for http://go.com:0/t123/test1?action=edit&amp;mode=up
ERROR: expected isValid() to return true for http://go.com:0/t123/test1/file?action=view
ERROR: expected isValid() to return true for http://go.com:0/t123/test1/file?action=edit&amp;mode=up
ERROR: expected isValid() to return true for http://go.com:0/t123/t123/file?action=view
ERROR: expected isValid() to return true for http://go.com:0/t123/t123/file?action=edit&amp;mode=up
ERROR: expected isValid() to return true for http://go.com:0/t123/$23/file?action=view
ERROR: expected isValid() to return true for http://go.com:0/t123/$23/file?action=edit&amp;mode=up
ERROR: expected isValid() to return true for http://go.com:0/$23/test1?action=view
ERROR: expected isValid() to return true for http://go.com:0/$23/test1?action=edit&amp;mode=up
ERROR: expected isValid() to return true for http://go.com:0/$23/t123?action=view
ERROR: expected isValid() to return true for http://go.com:0/$23/t123?action=edit&amp;mode=up
ERROR: expected isValid() to return true for http://go.com:0/$23/$23?action=view
ERROR: expected isValid() to return true for http://go.com:0/$23/$23?action=edit&amp;mode=up
ERROR: expected isValid() to return true for http://go.com:0/$23/test1?action=view
ERROR: expected isValid() to return true for http://go.com:0/$23/test1?action=edit&amp;mode=up
ERROR: expected isValid() to return true for http://go.com:0/$23/test1/file?action=view
ERROR: expected isValid() to return true for http://go.com:0/$23/test1/file?action=edit&amp;mode=up
ERROR: expected isValid() to return true for http://go.com:0/$23/t123/file?action=view
ERROR: expected isValid() to return true for http://go.com:0/$23/t123/file?action=edit&amp;mode=up
ERROR: expected isValid() to return true for http://go.com:0/$23/$23/file?action=view
ERROR: expected isValid() to return true for http://go.com:0/$23/$23/file?action=edit&amp;mode=up
ERROR: expected isValid() to return true for http://go.com:0/test1/test1?action=view
ERROR: expected isValid() to return true for http://go.com:0/test1/test1?action=edit&amp;mode=up
ERROR: expected isValid() to return true for http://go.com:0/test1/t123?action=view
ERROR: expected isValid() to return true for http://go.com:0/test1/t123?action=edit&amp;mode=up
ERROR: expected isValid() to return true for http://go.com:0/test1/$23?action=view
ERROR: expected isValid() to return true for http://go.com:0/test1/$23?action=edit&amp;mode=up
ERROR: expected isValid() to return true for http://go.com:0/test1/test1?action=view
ERROR: expected isValid() to return true for http://go.com:0/test1/test1?action=edit&amp;mode=up
ERROR: expected isValid() to return true for http://go.com:0/test1/test1/file?action=view
ERROR: expected isValid() to return true for http://go.com:0/test1/test1/file?action=edit&amp;mode=up
ERROR: expected isValid() to return true for http://go.com:0/test1/t123/file?action=view
ERROR: expected isValid() to return true for http://go.com:0/test1/t123/file?action=edit&amp;mode=up
ERROR: expected isValid() to return true for http://go.com:0/test1/$23/file?action=view
ERROR: expected isValid() to return true for http://go.com:0/test1/$23/file?action=edit&amp;mode=up
ERROR: expected isValid() to return true for http://go.com:0/test1/file/test1?action=view
ERROR: expected isValid() to return true for http://go.com:0/test1/file/test1?action=edit&amp;mode=up
ERROR: expected isValid() to return true for http://go.com:0/test1/file/t123?action=view
ERROR: expected isValid() to return true for http://go.com:0/test1/file/t123?action=edit&amp;mode=up
ERROR: expected isValid() to return true for http://go.com:0/test1/file/$23?action=view
ERROR: expected isValid() to return true for http://go.com:0/test1/file/$23?action=edit&amp;mode=up
ERROR: expected isValid() to return true for http://go.com:0/test1/file/test1?action=view
ERROR: expected isValid() to return true for http://go.com:0/test1/file/test1?action=edit&amp;mode=up
ERROR: expected isValid() to return true for http://go.com:0/test1/file/test1/file?action=view
ERROR: expected isValid() to return true for http://go.com:0/test1/file/test1/file?action=edit&amp;mode=up
ERROR: expected isValid() to return true for http://go.com:0/test1/file/t123/file?action=view
ERROR: expected isValid() to return true for http://go.com:0/test1/file/t123/file?action=edit&amp;mode=up
ERROR: expected isValid() to return true for http://go.com:0/test1/file/$23/file?action=view
ERROR: expected isValid() to return true for http://go.com:0/test1/file/$23/file?action=edit&amp;mode=up
ERROR: expected isValid() to return true for http://go.com/test1/test1?action=view
ERROR: expected isValid() to return true for http://go.com/test1/test1?action=edit&amp;mode=up
ERROR: expected isValid() to return true for http://go.com/test1/t123?action=view
ERROR: expected isValid() to return true for http://go.com/test1/t123?action=edit&amp;mode=up
ERROR: expected isValid() to return true for http://go.com/test1/$23?action=view
ERROR: expected isValid() to return true for http://go.com/test1/$23?action=edit&amp;mode=up
ERROR: expected isValid() to return true for http://go.com/test1/test1?action=view
ERROR: expected isValid() to return true for http://go.com/test1/test1?action=edit&amp;mode=up
ERROR: expected isValid() to return true for http://go.com/test1/test1/file?action=view
ERROR: expected isValid() to return true for http://go.com/test1/test1/file?action=edit&amp;mode=up
ERROR: expected isValid() to return true for http://go.com/test1/t123/file?action=view
ERROR: expected isValid() to return true for http://go.com/test1/t123/file?action=edit&amp;mode=up
ERROR: expected isValid() to return true for http://go.com/test1/$23/file?action=view
ERROR: expected isValid() to return true for http://go.com/test1/$23/file?action=edit&amp;mode=up
ERROR: expected isValid() to return true for http://go.com/t123/test1?action=view
ERROR: expected isValid() to return true for http://go.com/t123/test1?action=edit&amp;mode=up
ERROR: expected isValid() to return true for http://go.com/t123/t123?action=view
ERROR: expected isValid() to return true for http://go.com/t123/t123?action=edit&amp;mode=up
ERROR: expected isValid() to return true for http://go.com/t123/$23?action=view
ERROR: expected isValid() to return true for http://go.com/t123/$23?action=edit&amp;mode=up
ERROR: expected isValid() to return true for http://go.com/t123/test1?action=view
ERROR: expected isValid() to return true for http://go.com/t123/test1?action=edit&amp;mode=up
ERROR: expected isValid() to return true for http://go.com/t123/test1/file?action=view
ERROR: expected isValid() to return true for http://go.com/t123/test1/file?action=edit&amp;mode=up
ERROR: expected isValid() to return true for http://go.com/t123/t123/file?action=view
ERROR: expected isValid() to return true for http://go.com/t123/t123/file?action=edit&amp;mode=up
ERROR: expected isValid() to return true for http://go.com/t123/$23/file?action=view
ERROR: expected isValid() to return true for http://go.com/t123/$23/file?action=edit&amp;mode=up
ERROR: expected isValid() to return true for http://go.com/$23/test1?action=view
ERROR: expected isValid() to return true for http://go.com/$23/test1?action=edit&amp;mode=up
ERROR: expected isValid() to return true for http://go.com/$23/t123?action=view
ERROR: expected isValid() to return true for http://go.com/$23/t123?action=edit&amp;mode=up
ERROR: expected isValid() to return true for http://go.com/$23/$23?action=view
ERROR: expected isValid() to return true for http://go.com/$23/$23?action=edit&amp;mode=up
ERROR: expected isValid() to return true for http://go.com/$23/test1?action=view
ERROR: expected isValid() to return true for http://go.com/$23/test1?action=edit&amp;mode=up
ERROR: expected isValid() to return true for http://go.com/$23/test1/file?action=view
ERROR: expected isValid() to return true for http://go.com/$23/test1/file?action=edit&amp;mode=up
ERROR: expected isValid() to return true for http://go.com/$23/t123/file?action=view
ERROR: expected isValid() to return true for http://go.com/$23/t123/file?action=edit&amp;mode=up
ERROR: expected isValid() to return true for http://go.com/$23/$23/file?action=view
ERROR: expected isValid() to return true for http://go.com/$23/$23/file?action=edit&amp;mode=up
ERROR: expected isValid() to return true for http://go.com/test1/test1?action=view
ERROR: expected isValid() to return true for http://go.com/test1/test1?action=edit&amp;mode=up
ERROR: expected isValid() to return true for http://go.com/test1/t123?action=view
ERROR: expected isValid() to return true for http://go.com/test1/t123?action=edit&amp;mode=up
ERROR: expected isValid() to return true for http://go.com/test1/$23?action=view
ERROR: expected isValid() to return true for http://go.com/test1/$23?action=edit&amp;mode=up
ERROR: expected isValid() to return true for http://go.com/test1/test1?action=view
ERROR: expected isValid() to return true for http://go.com/test1/test1?action=edit&amp;mode=up
ERROR: expected isValid() to return true for http://go.com/test1/test1/file?action=view
ERROR: expected isValid() to return true for http://go.com/test1/test1/file?action=edit&amp;mode=up
ERROR: expected isValid() to return true for http://go.com/test1/t123/file?action=view
ERROR: expected isValid() to return true for http://go.com/test1/t123/file?action=edit&amp;mode=up
ERROR: expected isValid() to return true for http://go.com/test1/$23/file?action=view
ERROR: expected isValid() to return true for http://go.com/test1/$23/file?action=edit&amp;mode=up
ERROR: expected isValid() to return true for http://go.com/test1/file/test1?action=view
ERROR: expected isValid() to return true for http://go.com/test1/file/test1?action=edit&amp;mode=up
ERROR: expected isValid() to return true for http://go.com/test1/file/t123?action=view
ERROR: expected isValid() to return true for http://go.com/test1/file/t123?action=edit&amp;mode=up
ERROR: expected isValid() to return true for http://go.com/test1/file/$23?action=view
ERROR: expected isValid() to return true for http://go.com/test1/file/$23?action=edit&amp;mode=up
ERROR: expected isValid() to return true for http://go.com/test1/file/test1?action=view
ERROR: expected isValid() to return true for http://go.com/test1/file/test1?action=edit&amp;mode=up
ERROR: expected isValid() to return true for http://go.com/test1/file/test1/file?action=view
ERROR: expected isValid() to return true for http://go.com/test1/file/test1/file?action=edit&amp;mode=up
ERROR: expected isValid() to return true for http://go.com/test1/file/t123/file?action=view
ERROR: expected isValid() to return true for http://go.com/test1/file/t123/file?action=edit&amp;mode=up
ERROR: expected isValid() to return true for http://go.com/test1/file/$23/file?action=view
ERROR: expected isValid() to return true for http://go.com/test1/file/$23/file?action=edit&amp;mode=up
ERROR: expected isValid() to return true for http://go.com:65636/test1/test1?action=view
ERROR: expected isValid() to return true for http://go.com:65636/test1/test1?action=edit&amp;mode=up
ERROR: expected isValid() to return true for http://go.com:65636/test1/test1
ERROR: expected isValid() to return true for http://go.com:65636/test1/t123?action=view
ERROR: expected isValid() to return true for http://go.com:65636/test1/t123?action=edit&amp;mode=up
ERROR: expected isValid() to return true for http://go.com:65636/test1/t123
ERROR: expected isValid() to return true for http://go.com:65636/test1/$23?action=view
ERROR: expected isValid() to return true for http://go.com:65636/test1/$23?action=edit&amp;mode=up
ERROR: expected isValid() to return true for http://go.com:65636/test1/$23
ERROR: expected isValid() to return true for http://go.com:65636/test1/test1?action=view
ERROR: expected isValid() to return true for http://go.com:65636/test1/test1?action=edit&amp;mode=up
ERROR: expected isValid() to return true for http://go.com:65636/test1/test1
ERROR: expected isValid() to return true for http://go.com:65636/test1/test1/file?action=view
ERROR: expected isValid() to return true for http://go.com:65636/test1/test1/file?action=edit&amp;mode=up
ERROR: expected isValid() to return true for http://go.com:65636/test1/test1/file
ERROR: expected isValid() to return true for http://go.com:65636/test1/t123/file?action=view
ERROR: expected isValid() to return true for http://go.com:65636/test1/t123/file?action=edit&amp;mode=up
ERROR: expected isValid() to return true for http://go.com:65636/test1/t123/file
ERROR: expected isValid() to return true for http://go.com:65636/test1/$23/file?action=view
[...]
ERROR: expected isValid() to return true for h3t://go.cc:0/t123/test1/file?action=view
ERROR: expected isValid() to return true for h3t://go.cc:0/t123/test1/file?action=edit&amp;mode=up
ERROR: expected isValid() to return true for h3t://go.cc:0/t123/t123/file?action=view
ERROR: expected isValid() to return true for h3t://go.cc:0/t123/t123/file?action=edit&amp;mode=up
ERROR: expected isValid() to return true for h3t://go.cc:0/t123/$23/file?action=view
ERROR: expected isValid() to return true for h3t://go.cc:0/t123/$23/file?action=edit&amp;mode=up
ERROR: expected isValid() to return true for h3t://go.cc:0/$23/test1?action=view
ERROR: expected isValid() to return true for h3t://go.cc:0/$23/test1?action=edit&amp;mode=up
ERROR: expected isValid() to return true for h3t://go.cc:0/$23/t123?action=view
ERROR: expected isValid() to return true for h3t://go.cc:0/$23/t123?action=edit&amp;mode=up
ERROR: expected isValid() to return true for h3t://go.cc:0/$23/$23?action=view
ERROR: expected isValid() to return true for h3t://go.cc:0/$23/$23?action=edit&amp;mode=up
ERROR: expected isValid() to return true for h3t://go.cc:0/$23/test1?action=view
ERROR: expected isValid() to return true for h3t://go.cc:0/$23/test1?action=edit&amp;mode=up
ERROR: expected isValid() to return true for h3t://go.cc:0/$23/test1/file?action=view
ERROR: expected isValid() to return true for h3t://go.cc:0/$23/test1/file?action=edit&amp;mode=up
ERROR: expected isValid() to return true for h3t://go.cc:0/$23/t123/file?action=view
ERROR: expected isValid() to return true for h3t://go.cc:0/$23/t123/file?action=edit&amp;mode=up
ERROR: expected isValid() to return true for h3t://go.cc:0/$23/$23/file?action=view
ERROR: expected isValid() to return true for h3t://go.cc:0/$23/$23/file?action=edit&amp;mode=up
ERROR: expected isValid() to return true for h3t://go.cc:0/test1/test1?action=view
ERROR: expected isValid() to return true for h3t://go.cc:0/test1/test1?action=edit&amp;mode=up
ERROR: expected isValid() to return true for h3t://go.cc:0/test1/t123?action=view
ERROR: expected isValid() to return true for h3t://go.cc:0/test1/t123?action=edit&amp;mode=up
ERROR: expected isValid() to return true for h3t://go.cc:0/test1/$23?action=view
ERROR: expected isValid() to return true for h3t://go.cc:0/test1/$23?action=edit&amp;mode=up
ERROR: expected isValid() to return true for h3t://go.cc:0/test1/test1?action=view
ERROR: expected isValid() to return true for h3t://go.cc:0/test1/test1?action=edit&amp;mode=up
ERROR: expected isValid() to return true for h3t://go.cc:0/test1/test1/file?action=view
ERROR: expected isValid() to return true for h3t://go.cc:0/test1/test1/file?action=edit&amp;mode=up
ERROR: expected isValid() to return true for h3t://go.cc:0/test1/t123/file?action=view
ERROR: expected isValid() to return true for h3t://go.cc:0/test1/t123/file?action=edit&amp;mode=up
ERROR: expected isValid() to return true for h3t://go.cc:0/test1/$23/file?action=view
ERROR: expected isValid() to return true for h3t://go.cc:0/test1/$23/file?action=edit&amp;mode=up
ERROR: expected isValid() to return true for h3t://go.cc:0/test1/file/test1?action=view
ERROR: expected isValid() to return true for h3t://go.cc:0/test1/file/test1?action=edit&amp;mode=up
ERROR: expected isValid() to return true for h3t://go.cc:0/test1/file/t123?action=view
ERROR: expected isValid() to return true for h3t://go.cc:0/test1/file/t123?action=edit&amp;mode=up
ERROR: expected isValid() to return true for h3t://go.cc:0/test1/file/$23?action=view
ERROR: expected isValid() to return true for h3t://go.cc:0/test1/file/$23?action=edit&amp;mode=up
ERROR: expected isValid() to return true for h3t://go.cc:0/test1/file/test1?action=view
ERROR: expected isValid() to return true for h3t://go.cc:0/test1/file/test1?action=edit&amp;mode=up
ERROR: expected isValid() to return true for h3t://go.cc:0/test1/file/test1/file?action=view
ERROR: expected isValid() to return true for h3t://go.cc:0/test1/file/test1/file?action=edit&amp;mode=up
ERROR: expected isValid() to return true for h3t://go.cc:0/test1/file/t123/file?action=view
ERROR: expected isValid() to return true for h3t://go.cc:0/test1/file/t123/file?action=edit&amp;mode=up
ERROR: expected isValid() to return true for h3t://go.cc:0/test1/file/$23/file?action=view
ERROR: expected isValid() to return true for h3t://go.cc:0/test1/file/$23/file?action=edit&amp;mode=up
ERROR: expected isValid() to return true for h3t://go.cc/test1/test1?action=view
ERROR: expected isValid() to return true for h3t://go.cc/test1/test1?action=edit&amp;mode=up
ERROR: expected isValid() to return true for h3t://go.cc/test1/t123?action=view
ERROR: expected isValid() to return true for h3t://go.cc/test1/t123?action=edit&amp;mode=up
ERROR: expected isValid() to return true for h3t://go.cc/test1/$23?action=view
ERROR: expected isValid() to return true for h3t://go.cc/test1/$23?action=edit&amp;mode=up
ERROR: expected isValid() to return true for h3t://go.cc/test1/test1?action=view
ERROR: expected isValid() to return true for h3t://go.cc/test1/test1?action=edit&amp;mode=up
ERROR: expected isValid() to return true for h3t://go.cc/test1/test1/file?action=view
ERROR: expected isValid() to return true for h3t://go.cc/test1/test1/file?action=edit&amp;mode=up
ERROR: expected isValid() to return true for h3t://go.cc/test1/t123/file?action=view
ERROR: expected isValid() to return true for h3t://go.cc/test1/t123/file?action=edit&amp;mode=up
ERROR: expected isValid() to return true for h3t://go.cc/test1/$23/file?action=view
ERROR: expected isValid() to return true for h3t://go.cc/test1/$23/file?action=edit&amp;mode=up
ERROR: expected isValid() to return true for h3t://go.cc/t123/test1?action=view
ERROR: expected isValid() to return true for h3t://go.cc/t123/test1?action=edit&amp;mode=up
ERROR: expected isValid() to return true for h3t://go.cc/t123/t123?action=view
ERROR: expected isValid() to return true for h3t://go.cc/t123/t123?action=edit&amp;mode=up
ERROR: expected isValid() to return true for h3t://go.cc/t123/$23?action=view
ERROR: expected isValid() to return true for h3t://go.cc/t123/$23?action=edit&amp;mode=up
ERROR: expected isValid() to return true for h3t://go.cc/t123/test1?action=view
ERROR: expected isValid() to return true for h3t://go.cc/t123/test1?action=edit&amp;mode=up
ERROR: expected isValid() to return true for h3t://go.cc/t123/test1/file?action=view
ERROR: expected isValid() to return true for h3t://go.cc/t123/test1/file?action=edit&amp;mode=up
ERROR: expected isValid() to return true for h3t://go.cc/t123/t123/file?action=view
ERROR: expected isValid() to return true for h3t://go.cc/t123/t123/file?action=edit&amp;mode=up
ERROR: expected isValid() to return true for h3t://go.cc/t123/$23/file?action=view
ERROR: expected isValid() to return true for h3t://go.cc/t123/$23/file?action=edit&amp;mode=up
ERROR: expected isValid() to return true for h3t://go.cc/$23/test1?action=view
ERROR: expected isValid() to return true for h3t://go.cc/$23/test1?action=edit&amp;mode=up
ERROR: expected isValid() to return true for h3t://go.cc/$23/t123?action=view
ERROR: expected isValid() to return true for h3t://go.cc/$23/t123?action=edit&amp;mode=up
ERROR: expected isValid() to return true for h3t://go.cc/$23/$23?action=view
ERROR: expected isValid() to return true for h3t://go.cc/$23/$23?action=edit&amp;mode=up
ERROR: expected isValid() to return true for h3t://go.cc/$23/test1?action=view
ERROR: expected isValid() to return true for h3t://go.cc/$23/test1?action=edit&amp;mode=up
ERROR: expected isValid() to return true for h3t://go.cc/$23/test1/file?action=view
ERROR: expected isValid() to return true for h3t://go.cc/$23/test1/file?action=edit&amp;mode=up
ERROR: expected isValid() to return true for h3t://go.cc/$23/t123/file?action=view
ERROR: expected isValid() to return true for h3t://go.cc/$23/t123/file?action=edit&amp;mode=up
ERROR: expected isValid() to return true for h3t://go.cc/$23/$23/file?action=view
ERROR: expected isValid() to return true for h3t://go.cc/$23/$23/file?action=edit&amp;mode=up
ERROR: expected isValid() to return true for h3t://go.cc/test1/test1?action=view
ERROR: expected isValid() to return true for h3t://go.cc/test1/test1?action=edit&amp;mode=up
ERROR: expected isValid() to return true for h3t://go.cc/test1/t123?action=view
ERROR: expected isValid() to return true for h3t://go.cc/test1/t123?action=edit&amp;mode=up
ERROR: expected isValid() to return true for h3t://go.cc/test1/$23?action=view
ERROR: expected isValid() to return true for h3t://go.cc/test1/$23?action=edit&amp;mode=up
ERROR: expected isValid() to return true for h3t://go.cc/test1/test1?action=view
ERROR: expected isValid() to return true for h3t://go.cc/test1/test1?action=edit&amp;mode=up
ERROR: expected isValid() to return true for h3t://go.cc/test1/test1/file?action=view
ERROR: expected isValid() to return true for h3t://go.cc/test1/test1/file?action=edit&amp;mode=up
ERROR: expected isValid() to return true for h3t://go.cc/test1/t123/file?action=view
ERROR: expected isValid() to return true for h3t://go.cc/test1/t123/file?action=edit&amp;mode=up
ERROR: expected isValid() to return true for h3t://go.cc/test1/$23/file?action=view
ERROR: expected isValid() to return true for h3t://go.cc/test1/$23/file?action=edit&amp;mode=up
ERROR: expected isValid() to return true for h3t://go.cc/test1/file/test1?action=view
ERROR: expected isValid() to return true for h3t://go.cc/test1/file/test1?action=edit&amp;mode=up
ERROR: expected isValid() to return true for h3t://go.cc/test1/file/t123?action=view
ERROR: expected isValid() to return true for h3t://go.cc/test1/file/t123?action=edit&amp;mode=up
ERROR: expected isValid() to return true for h3t://go.cc/test1/file/$23?action=view
ERROR: expected isValid() to return true for h3t://go.cc/test1/file/$23?action=edit&amp;mode=up
ERROR: expected isValid() to return true for h3t://go.cc/test1/file/test1?action=view
ERROR: expected isValid() to return true for h3t://go.cc/test1/file/test1?action=edit&amp;mode=up
ERROR: expected isValid() to return true for h3t://go.cc/test1/file/test1/file?action=view
ERROR: expected isValid() to return true for h3t://go.cc/test1/file/test1/file?action=edit&amp;mode=up
ERROR: expected isValid() to return true for h3t://go.cc/test1/file/t123/file?action=view
ERROR: expected isValid() to return true for h3t://go.cc/test1/file/t123/file?action=edit&amp;mode=up
ERROR: expected isValid() to return true for h3t://go.cc/test1/file/$23/file?action=view
ERROR: expected isValid() to return true for h3t://go.cc/test1/file/$23/file?action=edit&amp;mode=up
ERROR: expected isValid() to return true for h3t://go.cc:65636/test1/test1?action=view
ERROR: expected isValid() to return true for h3t://go.cc:65636/test1/test1?action=edit&amp;mode=up
ERROR: expected isValid() to return true for h3t://go.cc:65636/test1/test1
ERROR: expected isValid() to return true for h3t://go.cc:65636/test1/t123?action=view
ERROR: expected isValid() to return true for h3t://go.cc:65636/test1/t123?action=edit&amp;mode=up
ERROR: expected isValid() to return true for h3t://go.cc:65636/test1/t123
ERROR: expected isValid() to return true for h3t://go.cc:65636/test1/$23?action=view
ERROR: expected isValid() to return true for h3t://go.cc:65636/test1/$23?action=edit&amp;mode=up
ERROR: expected isValid() to return true for h3t://go.cc:65636/test1/$23
ERROR: expected isValid() to return true for h3t://go.cc:65636/test1/test1?action=view
ERROR: expected isValid() to return true for h3t://go.cc:65636/test1/test1?action=edit&amp;mode=up
ERROR: expected isValid() to return true for h3t://go.cc:65636/test1/test1
ERROR: expected isValid() to return true for h3t://go.cc:65636/test1/test1/file?action=view
ERROR: expected isValid() to return true for h3t://go.cc:65636/test1/test1/file?action=edit&amp;mode=up
ERROR: expected isValid() to return true for h3t://go.cc:65636/test1/test1/file
ERROR: expected isValid() to return true for h3t://go.cc:65636/test1/t123/file?action=view
ERROR: expected isValid() to return true for h3t://go.cc:65636/test1/t123/file?action=edit&amp;mode=up
ERROR: expected isValid() to return true for h3t://go.cc:65636/test1/t123/file
ERROR: expected isValid() to return true for h3t://go.cc:65636/test1/$23/file?action=view
ERROR: expected isValid() to return true for h3t://go.cc:65636/test1/$23/file?action=edit&amp;mode=up
ERROR: expected isValid() to return true for h3t://go.cc:65636/test1/$23/file
ERROR: expected isValid() to return true for h3t://go.cc:65636/t123/test1?action=view
ERROR: expected isValid() to return true for h3t://go.cc:65636/t123/test1?action=edit&amp;mode=up
ERROR: expected isValid() to return true for h3t://go.cc:65636/t123/test1
ERROR: expected isValid() to return true for h3t://go.cc:65636/t123/t123?action=view
ERROR: expected isValid() to return true for h3t://go.cc:65636/t123/t123?action=edit&amp;mode=up
ERROR: expected isValid() to return true for h3t://go.cc:65636/t123/t123
ERROR: expected isValid() to return true for h3t://go.cc:65636/t123/$23?action=view
ERROR: expected isValid() to return true for h3t://go.cc:65636/t123/$23?action=edit&amp;mode=up
ERROR: expected isValid() to return true for h3t://go.cc:65636/t123/$23
ERROR: expected isValid() to return true for h3t://go.cc:65636/t123/test1?action=view
ERROR: expected isValid() to return true for h3t://go.cc:65636/t123/test1?action=edit&amp;mode=up
ERROR: expected isValid() to return true for h3t://go.cc:65636/t123/test1
ERROR: expected isValid() to return true for h3t://go.cc:65636/t123/test1/file?action=view
ERROR: expected isValid() to return true for h3t://go.cc:65636/t123/test1/file?action=edit&amp;mode=up
ERROR: expected isValid() to return true for h3t://go.cc:65636/t123/test1/file
ERROR: expected isValid() to return true for h3t://go.cc:65636/t123/t123/file?action=view
ERROR: expected isValid() to return true for h3t://go.cc:65636/t123/t123/file?action=edit&amp;mode=up
ERROR: expected isValid() to return true for h3t://go.cc:65636/t123/t123/file
ERROR: expected isValid() to return true for h3t://go.cc:65636/t123/$23/file?action=view
ERROR: expected isValid() to return true for h3t://go.cc:65636/t123/$23/file?action=edit&amp;mode=up
ERROR: expected isValid() to return true for h3t://go.cc:65636/t123/$23/file
ERROR: expected isValid() to return true for h3t://go.cc:65636/$23/test1?action=view
ERROR: expected isValid() to return true for h3t://go.cc:65636/$23/test1?action=edit&amp;mode=up
ERROR: expected isValid() to return true for h3t://go.cc:65636/$23/test1
ERROR: expected isValid() to return true for h3t://go.cc:65636/$23/t123?action=view
ERROR: expected isValid() to return true for h3t://go.cc:65636/$23/t123?action=edit&amp;mode=up
ERROR: expected isValid() to return true for h3t://go.cc:65636/$23/t123
ERROR: expected isValid() to return true for h3t://go.cc:65636/$23/$23?action=view
ERROR: expected isValid() to return true for h3t://go.cc:65636/$23/$23?action=edit&amp;mode=up
ERROR: expected isValid() to return true for h3t://go.cc:65636/$23/$23
ERROR: expected isValid() to return true for h3t://go.cc:65636/$23/test1?action=view
ERROR: expected isValid() to return true for h3t://go.cc:65636/$23/test1?action=edit&amp;mode=up
ERROR: expected isValid() to return true for h3t://go.cc:65636/$23/test1
ERROR: expected isValid() to return true for h3t://go.cc:65636/$23/test1/file?action=view
ERROR: expected isValid() to return true for h3t://go.cc:65636/$23/test1/file?action=edit&amp;mode=up
ERROR: expected isValid() to return true for h3t://go.cc:65636/$23/test1/file
ERROR: expected isValid() to return true for h3t://go.cc:65636/$23/t123/file?action=view
ERROR: expected isValid() to return true for h3t://go.cc:65636/$23/t123/file?action=edit&amp;mode=up
ERROR: expected isValid() to return true for h3t://go.cc:65636/$23/t123/file
ERROR: expected isValid() to return true for h3t://go.cc:65636/$23/$23/file?action=view
ERROR: expected isValid() to return true for h3t://go.cc:65636/$23/$23/file?action=edit&amp;mode=up
ERROR: expected isValid() to return true for h3t://go.cc:65636/$23/$23/file
ERROR: expected isValid() to return true for h3t://go.cc:65636/test1/test1?action=view
ERROR: expected isValid() to return true for h3t://go.cc:65636/test1/test1?action=edit&amp;mode=up
ERROR: expected isValid() to return true for h3t://go.cc:65636/test1/test1
ERROR: expected isValid() to return true for h3t://go.cc:65636/test1/t123?action=view
ERROR: expected isValid() to return true for h3t://go.cc:65636/test1/t123?action=edit&amp;mode=up
ERROR: expected isValid() to return true for h3t://go.cc:65636/test1/t123
ERROR: expected isValid() to return true for h3t://go.cc:65636/test1/$23?action=view
ERROR: expected isValid() to return true for h3t://go.cc:65636/test1/$23?action=edit&amp;mode=up
ERROR: expected isValid() to return true for h3t://go.cc:65636/test1/$23
ERROR: expected isValid() to return true for h3t://go.cc:65636/test1/test1?action=view
ERROR: expected isValid() to return true for h3t://go.cc:65636/test1/test1?action=edit&amp;mode=up
ERROR: expected isValid() to return true for h3t://go.cc:65636/test1/test1
ERROR: expected isValid() to return true for h3t://go.cc:65636/test1/test1/file?action=view
ERROR: expected isValid() to return true for h3t://go.cc:65636/test1/test1/file?action=edit&amp;mode=up
ERROR: expected isValid() to return true for h3t://go.cc:65636/test1/test1/file
ERROR: expected isValid() to return true for h3t://go.cc:65636/test1/t123/file?action=view
ERROR: expected isValid() to return true for h3t://go.cc:65636/test1/t123/file?action=edit&amp;mode=up
ERROR: expected isValid() to return true for h3t://go.cc:65636/test1/t123/file
ERROR: expected isValid() to return true for h3t://go.cc:65636/test1/$23/file?action=view
ERROR: expected isValid() to return true for h3t://go.cc:65636/test1/$23/file?action=edit&amp;mode=up
ERROR: expected isValid() to return true for h3t://go.cc:65636/test1/$23/file
ERROR: expected isValid() to return true for h3t://go.cc:65636/test1/file/test1?action=view
ERROR: expected isValid() to return true for h3t://go.cc:65636/test1/file/test1?action=edit&amp;mode=up
ERROR: expected isValid() to return true for h3t://go.cc:65636/test1/file/test1
ERROR: expected isValid() to return true for h3t://go.cc:65636/test1/file/t123?action=view
ERROR: expected isValid() to return true for h3t://go.cc:65636/test1/file/t123?action=edit&amp;mode=up
ERROR: expected isValid() to return true for h3t://go.cc:65636/test1/file/t123
ERROR: expected isValid() to return true for h3t://go.cc:65636/test1/file/$23?action=view
ERROR: expected isValid() to return true for h3t://go.cc:65636/test1/file/$23?action=edit&amp;mode=up
ERROR: expected isValid() to return true for h3t://go.cc:65636/test1/file/$23
ERROR: expected isValid() to return true for h3t://go.cc:65636/test1/file/test1?action=view
ERROR: expected isValid() to return true for h3t://go.cc:65636/test1/file/test1?action=edit&amp;mode=up
ERROR: expected isValid() to return true for h3t://go.cc:65636/test1/file/test1
ERROR: expected isValid() to return true for h3t://go.cc:65636/test1/file/test1/file?action=view
ERROR: expected isValid() to return true for h3t://go.cc:65636/test1/file/test1/file?action=edit&amp;mode=up
ERROR: expected isValid() to return true for h3t://go.cc:65636/test1/file/test1/file
ERROR: expected isValid() to return true for h3t://go.cc:65636/test1/file/t123/file?action=view
ERROR: expected isValid() to return true for h3t://go.cc:65636/test1/file/t123/file?action=edit&amp;mode=up
ERROR: expected isValid() to return true for h3t://go.cc:65636/test1/file/t123/file
ERROR: expected isValid() to return true for h3t://go.cc:65636/test1/file/$23/file?action=view
ERROR: expected isValid() to return true for h3t://go.cc:65636/test1/file/$23/file?action=edit&amp;mode=up
ERROR: expected isValid() to return true for h3t://go.cc:65636/test1/file/$23/file
Number of errors found in testing: 9135
</system-out>
  </testcase>
</testsuite>